<?xml version="1.0" encoding="UTF-8"?>
<testng-results ignored="0" total="1" passed="1" failed="0" skipped="0">
  <reporter-output>
  </reporter-output>
  <suite started-at="2024-08-14T11:18:56Z" name="Surefire suite" finished-at="2024-08-14T11:19:12Z" duration-ms="15238">
    <groups>
    </groups>
    <test started-at="2024-08-14T11:18:56Z" name="Surefire test" finished-at="2024-08-14T11:19:12Z" duration-ms="15238">
      <class name="testcases.LoginTest">
        <test-method is-config="true" signature="SetUp()[pri:0, instance:testcases.LoginTest@765d7657]" started-at="2024-08-14T11:18:56Z" name="SetUp" finished-at="2024-08-14T11:19:01Z" duration-ms="4572" status="PASS">
          <reporter-output>
          </reporter-output>
        </test-method> <!-- SetUp -->
        <test-method signature="LoginFailureTest()[pri:0, instance:testcases.LoginTest@765d7657]" started-at="2024-08-14T11:19:01Z" name="LoginFailureTest" finished-at="2024-08-14T11:19:11Z" duration-ms="10452" status="PASS">
          <reporter-output>
          </reporter-output>
        </test-method> <!-- LoginFailureTest -->
        <test-method is-config="true" signature="TearDown()[pri:0, instance:testcases.LoginTest@765d7657]" started-at="2024-08-14T11:19:11Z" name="TearDown" finished-at="2024-08-14T11:19:12Z" duration-ms="192" status="PASS">
          <reporter-output>
          </reporter-output>
        </test-method> <!-- TearDown -->
      </class> <!-- testcases.LoginTest -->
    </test> <!-- Surefire test -->
  </suite> <!-- Surefire suite -->
</testng-results>
