<?xml version="1.0" encoding="UTF-8"?>
<testng-results ignored="0" total="1" passed="1" failed="0" skipped="0">
  <reporter-output>
  </reporter-output>
  <suite started-at="2024-08-14T10:23:01Z" name="Suite" finished-at="2024-08-14T10:23:18Z" duration-ms="17683">
    <groups>
    </groups>
    <test started-at="2024-08-14T10:23:01Z" name="Test" finished-at="2024-08-14T10:23:18Z" duration-ms="17683">
      <class name="testcases.LoginTest">
        <test-method is-config="true" signature="SetUp()[pri:0, instance:testcases.LoginTest@53aad5d5]" started-at="2024-08-14T10:23:01Z" name="SetUp" finished-at="2024-08-14T10:23:05Z" duration-ms="4453" status="PASS">
          <reporter-output>
          </reporter-output>
        </test-method> <!-- SetUp -->
        <test-method signature="LoginFailureTest()[pri:0, instance:testcases.LoginTest@53aad5d5]" started-at="2024-08-14T10:23:05Z" name="LoginFailureTest" finished-at="2024-08-14T10:23:18Z" duration-ms="12916" status="PASS">
          <reporter-output>
          </reporter-output>
        </test-method> <!-- LoginFailureTest -->
        <test-method is-config="true" signature="TearDown()[pri:0, instance:testcases.LoginTest@53aad5d5]" started-at="2024-08-14T10:23:18Z" name="TearDown" finished-at="2024-08-14T10:23:18Z" duration-ms="294" status="PASS">
          <reporter-output>
          </reporter-output>
        </test-method> <!-- TearDown -->
      </class> <!-- testcases.LoginTest -->
    </test> <!-- Test -->
  </suite> <!-- Suite -->
</testng-results>
